[21-Oct-2018 17:53:58 UTC] PHP Warning:  array_rand() expects parameter 2 to be long, string given in /home/ubuntu/workspace/cst336/Midterm_practice/midterm_practice1.php on line 83
[21-Oct-2018 17:53:58 UTC] PHP Stack trace:
[21-Oct-2018 17:53:58 UTC] PHP   1. {main}() /home/ubuntu/workspace/cst336/Midterm_practice/midterm_practice1.php:0
[21-Oct-2018 17:53:58 UTC] PHP   2. array_rand() /home/ubuntu/workspace/cst336/Midterm_practice/midterm_practice1.php:83
[21-Oct-2018 17:53:58 UTC] PHP Warning:  Invalid argument supplied for foreach() in /home/ubuntu/workspace/cst336/Midterm_practice/midterm_practice1.php on line 84
[21-Oct-2018 17:53:58 UTC] PHP Stack trace:
[21-Oct-2018 17:53:58 UTC] PHP   1. {main}() /home/ubuntu/workspace/cst336/Midterm_practice/midterm_practice1.php:0
[22-Oct-2018 20:30:31 UTC] PHP Warning:  mysqli_query(): Empty query in /home/ubuntu/workspace/cst336/Midterm_practice/midterm_practice2.php on line 58
[22-Oct-2018 20:30:31 UTC] PHP Stack trace:
[22-Oct-2018 20:30:31 UTC] PHP   1. {main}() /home/ubuntu/workspace/cst336/Midterm_practice/midterm_practice2.php:0
[22-Oct-2018 20:30:31 UTC] PHP   2. mysqli_query() /home/ubuntu/workspace/cst336/Midterm_practice/midterm_practice2.php:58
[22-Oct-2018 20:30:31 UTC] PHP Warning:  mysqli_fetch_array() expects parameter 1 to be mysqli_result, boolean given in /home/ubuntu/workspace/cst336/Midterm_practice/midterm_practice2.php on line 60
[22-Oct-2018 20:30:31 UTC] PHP Stack trace:
[22-Oct-2018 20:30:31 UTC] PHP   1. {main}() /home/ubuntu/workspace/cst336/Midterm_practice/midterm_practice2.php:0
[22-Oct-2018 20:30:31 UTC] PHP   2. mysqli_fetch_array() /home/ubuntu/workspace/cst336/Midterm_practice/midterm_practice2.php:60
[22-Oct-2018 20:31:00 UTC] PHP Warning:  mysqli_query(): Empty query in /home/ubuntu/workspace/cst336/Midterm_practice/midterm_practice2.php on line 58
[22-Oct-2018 20:31:00 UTC] PHP Stack trace:
[22-Oct-2018 20:31:00 UTC] PHP   1. {main}() /home/ubuntu/workspace/cst336/Midterm_practice/midterm_practice2.php:0
[22-Oct-2018 20:31:00 UTC] PHP   2. mysqli_query() /home/ubuntu/workspace/cst336/Midterm_practice/midterm_practice2.php:58
[22-Oct-2018 20:31:00 UTC] PHP Warning:  mysqli_fetch_array() expects parameter 1 to be mysqli_result, boolean given in /home/ubuntu/workspace/cst336/Midterm_practice/midterm_practice2.php on line 60
[22-Oct-2018 20:31:00 UTC] PHP Stack trace:
[22-Oct-2018 20:31:00 UTC] PHP   1. {main}() /home/ubuntu/workspace/cst336/Midterm_practice/midterm_practice2.php:0
[22-Oct-2018 20:31:00 UTC] PHP   2. mysqli_fetch_array() /home/ubuntu/workspace/cst336/Midterm_practice/midterm_practice2.php:60
[22-Oct-2018 20:31:03 UTC] PHP Warning:  mysqli_query(): Empty query in /home/ubuntu/workspace/cst336/Midterm_practice/midterm_practice2.php on line 58
[22-Oct-2018 20:31:03 UTC] PHP Stack trace:
[22-Oct-2018 20:31:03 UTC] PHP   1. {main}() /home/ubuntu/workspace/cst336/Midterm_practice/midterm_practice2.php:0
[22-Oct-2018 20:31:03 UTC] PHP   2. mysqli_query() /home/ubuntu/workspace/cst336/Midterm_practice/midterm_practice2.php:58
[22-Oct-2018 20:31:03 UTC] PHP Warning:  mysqli_fetch_array() expects parameter 1 to be mysqli_result, boolean given in /home/ubuntu/workspace/cst336/Midterm_practice/midterm_practice2.php on line 60
[22-Oct-2018 20:31:03 UTC] PHP Stack trace:
[22-Oct-2018 20:31:03 UTC] PHP   1. {main}() /home/ubuntu/workspace/cst336/Midterm_practice/midterm_practice2.php:0
[22-Oct-2018 20:31:03 UTC] PHP   2. mysqli_fetch_array() /home/ubuntu/workspace/cst336/Midterm_practice/midterm_practice2.php:60
[22-Oct-2018 20:51:21 UTC] PHP Parse error:  syntax error, unexpected 'print' (T_PRINT) in /home/ubuntu/workspace/cst336/Midterm_practice/midterm_practice2.php on line 65
[22-Oct-2018 20:54:54 UTC] PHP Parse error:  syntax error, unexpected '"\n"' (T_CONSTANT_ENCAPSED_STRING) in /home/ubuntu/workspace/cst336/Midterm_practice/midterm_practice2.php on line 61
[23-Oct-2018 18:19:49 UTC] PHP Parse error:  syntax error, unexpected '"\n"' (T_CONSTANT_ENCAPSED_STRING) in /home/ubuntu/workspace/cst336/Midterm_practice/midterm_practice2.php on line 61
[23-Oct-2018 18:20:53 UTC] PHP Parse error:  syntax error, unexpected '"\n"' (T_CONSTANT_ENCAPSED_STRING) in /home/ubuntu/workspace/cst336/Midterm_practice/midterm_practice2.php on line 61
[24-Oct-2018 18:36:48 UTC] PHP Warning:  include(inc/functions.php): failed to open stream: No such file or directory in /home/ubuntu/workspace/cst336/midtermprac/index.php on line 2
[24-Oct-2018 18:36:48 UTC] PHP Stack trace:
[24-Oct-2018 18:36:48 UTC] PHP   1. {main}() /home/ubuntu/workspace/cst336/midtermprac/index.php:0
[24-Oct-2018 18:36:48 UTC] PHP Warning:  include(): Failed opening 'inc/functions.php' for inclusion (include_path='.:/usr/share/php:/usr/share/pear') in /home/ubuntu/workspace/cst336/midtermprac/index.php on line 2
[24-Oct-2018 18:36:48 UTC] PHP Stack trace:
[24-Oct-2018 18:36:48 UTC] PHP   1. {main}() /home/ubuntu/workspace/cst336/midtermprac/index.php:0
[24-Oct-2018 18:36:48 UTC] PHP Fatal error:  Call to undefined function makeItinerary() in /home/ubuntu/workspace/cst336/midtermprac/index.php on line 73
[24-Oct-2018 18:36:48 UTC] PHP Stack trace:
[24-Oct-2018 18:36:48 UTC] PHP   1. {main}() /home/ubuntu/workspace/cst336/midtermprac/index.php:0
[24-Oct-2018 18:37:02 UTC] PHP Warning:  include(inc/functions.php): failed to open stream: No such file or directory in /home/ubuntu/workspace/cst336/midtermprac/index.php on line 2
[24-Oct-2018 18:37:02 UTC] PHP Stack trace:
[24-Oct-2018 18:37:02 UTC] PHP   1. {main}() /home/ubuntu/workspace/cst336/midtermprac/index.php:0
[24-Oct-2018 18:37:02 UTC] PHP Warning:  include(): Failed opening 'inc/functions.php' for inclusion (include_path='.:/usr/share/php:/usr/share/pear') in /home/ubuntu/workspace/cst336/midtermprac/index.php on line 2
[24-Oct-2018 18:37:02 UTC] PHP Stack trace:
[24-Oct-2018 18:37:02 UTC] PHP   1. {main}() /home/ubuntu/workspace/cst336/midtermprac/index.php:0
[24-Oct-2018 18:37:02 UTC] PHP Fatal error:  Call to undefined function makeItinerary() in /home/ubuntu/workspace/cst336/midtermprac/index.php on line 73
[24-Oct-2018 18:37:02 UTC] PHP Stack trace:
[24-Oct-2018 18:37:02 UTC] PHP   1. {main}() /home/ubuntu/workspace/cst336/midtermprac/index.php:0
[24-Oct-2018 18:37:47 UTC] PHP Warning:  shuffle() expects parameter 1 to be array, null given in /home/ubuntu/workspace/cst336/midtermprac/inc/functions.php on line 79
[24-Oct-2018 18:37:47 UTC] PHP Stack trace:
[24-Oct-2018 18:37:47 UTC] PHP   1. {main}() /home/ubuntu/workspace/cst336/midtermprac/index.php:0
[24-Oct-2018 18:37:47 UTC] PHP   2. makeItinerary() /home/ubuntu/workspace/cst336/midtermprac/index.php:73
[24-Oct-2018 18:37:47 UTC] PHP   3. shuffle() /home/ubuntu/workspace/cst336/midtermprac/inc/functions.php:79
[24-Oct-2018 18:37:47 UTC] PHP Warning:  array_shift() expects parameter 1 to be array, null given in /home/ubuntu/workspace/cst336/midtermprac/inc/functions.php on line 80
[24-Oct-2018 18:37:47 UTC] PHP Stack trace:
[24-Oct-2018 18:37:47 UTC] PHP   1. {main}() /home/ubuntu/workspace/cst336/midtermprac/index.php:0
[24-Oct-2018 18:37:47 UTC] PHP   2. makeItinerary() /home/ubuntu/workspace/cst336/midtermprac/index.php:73
[24-Oct-2018 18:37:47 UTC] PHP   3. array_shift() /home/ubuntu/workspace/cst336/midtermprac/inc/functions.php:80
[24-Oct-2018 18:37:47 UTC] PHP Warning:  shuffle() expects parameter 1 to be array, null given in /home/ubuntu/workspace/cst336/midtermprac/inc/functions.php on line 79
[24-Oct-2018 18:37:47 UTC] PHP Stack trace:
[24-Oct-2018 18:37:47 UTC] PHP   1. {main}() /home/ubuntu/workspace/cst336/midtermprac/index.php:0
[24-Oct-2018 18:37:47 UTC] PHP   2. makeItinerary() /home/ubuntu/workspace/cst336/midtermprac/index.php:73
[24-Oct-2018 18:37:47 UTC] PHP   3. shuffle() /home/ubuntu/workspace/cst336/midtermprac/inc/functions.php:79
[24-Oct-2018 18:37:47 UTC] PHP Warning:  array_shift() expects parameter 1 to be array, null given in /home/ubuntu/workspace/cst336/midtermprac/inc/functions.php on line 80
[24-Oct-2018 18:37:47 UTC] PHP Stack trace:
[24-Oct-2018 18:37:47 UTC] PHP   1. {main}() /home/ubuntu/workspace/cst336/midtermprac/index.php:0
[24-Oct-2018 18:37:47 UTC] PHP   2. makeItinerary() /home/ubuntu/workspace/cst336/midtermprac/index.php:73
[24-Oct-2018 18:37:47 UTC] PHP   3. array_shift() /home/ubuntu/workspace/cst336/midtermprac/inc/functions.php:80
[24-Oct-2018 18:37:47 UTC] PHP Warning:  shuffle() expects parameter 1 to be array, null given in /home/ubuntu/workspace/cst336/midtermprac/inc/functions.php on line 79
[24-Oct-2018 18:37:47 UTC] PHP Stack trace:
[24-Oct-2018 18:37:47 UTC] PHP   1. {main}() /home/ubuntu/workspace/cst336/midtermprac/index.php:0
[24-Oct-2018 18:37:47 UTC] PHP   2. makeItinerary() /home/ubuntu/workspace/cst336/midtermprac/index.php:73
[24-Oct-2018 18:37:47 UTC] PHP   3. shuffle() /home/ubuntu/workspace/cst336/midtermprac/inc/functions.php:79
[24-Oct-2018 18:37:47 UTC] PHP Warning:  array_shift() expects parameter 1 to be array, null given in /home/ubuntu/workspace/cst336/midtermprac/inc/functions.php on line 80
[24-Oct-2018 18:37:47 UTC] PHP Stack trace:
[24-Oct-2018 18:37:47 UTC] PHP   1. {main}() /home/ubuntu/workspace/cst336/midtermprac/index.php:0
[24-Oct-2018 18:37:47 UTC] PHP   2. makeItinerary() /home/ubuntu/workspace/cst336/midtermprac/index.php:73
[24-Oct-2018 18:37:47 UTC] PHP   3. array_shift() /home/ubuntu/workspace/cst336/midtermprac/inc/functions.php:80
[24-Oct-2018 18:37:47 UTC] PHP Warning:  shuffle() expects parameter 1 to be array, null given in /home/ubuntu/workspace/cst336/midtermprac/inc/functions.php on line 79
[24-Oct-2018 18:37:47 UTC] PHP Stack trace:
[24-Oct-2018 18:37:47 UTC] PHP   1. {main}() /home/ubuntu/workspace/cst336/midtermprac/index.php:0
[24-Oct-2018 18:37:47 UTC] PHP   2. makeItinerary() /home/ubuntu/workspace/cst336/midtermprac/index.php:73
[24-Oct-2018 18:37:47 UTC] PHP   3. shuffle() /home/ubuntu/workspace/cst336/midtermprac/inc/functions.php:79
[24-Oct-2018 18:37:47 UTC] PHP Warning:  array_shift() expects parameter 1 to be array, null given in /home/ubuntu/workspace/cst336/midtermprac/inc/functions.php on line 80
[24-Oct-2018 18:37:47 UTC] PHP Stack trace:
[24-Oct-2018 18:37:47 UTC] PHP   1. {main}() /home/ubuntu/workspace/cst336/midtermprac/index.php:0
[24-Oct-2018 18:37:47 UTC] PHP   2. makeItinerary() /home/ubuntu/workspace/cst336/midtermprac/index.php:73
[24-Oct-2018 18:37:47 UTC] PHP   3. array_shift() /home/ubuntu/workspace/cst336/midtermprac/inc/functions.php:80
[24-Oct-2018 18:38:55 UTC] PHP Warning:  shuffle() expects parameter 1 to be array, null given in /home/ubuntu/workspace/cst336/midtermprac1/inc/functions.php on line 79
[24-Oct-2018 18:38:55 UTC] PHP Stack trace:
[24-Oct-2018 18:38:55 UTC] PHP   1. {main}() /home/ubuntu/workspace/cst336/midtermprac1/index.php:0
[24-Oct-2018 18:38:55 UTC] PHP   2. makeItinerary() /home/ubuntu/workspace/cst336/midtermprac1/index.php:73
[24-Oct-2018 18:38:55 UTC] PHP   3. shuffle() /home/ubuntu/workspace/cst336/midtermprac1/inc/functions.php:79
[24-Oct-2018 18:38:55 UTC] PHP Warning:  array_shift() expects parameter 1 to be array, null given in /home/ubuntu/workspace/cst336/midtermprac1/inc/functions.php on line 80
[24-Oct-2018 18:38:55 UTC] PHP Stack trace:
[24-Oct-2018 18:38:55 UTC] PHP   1. {main}() /home/ubuntu/workspace/cst336/midtermprac1/index.php:0
[24-Oct-2018 18:38:55 UTC] PHP   2. makeItinerary() /home/ubuntu/workspace/cst336/midtermprac1/index.php:73
[24-Oct-2018 18:38:55 UTC] PHP   3. array_shift() /home/ubuntu/workspace/cst336/midtermprac1/inc/functions.php:80
[24-Oct-2018 18:38:55 UTC] PHP Warning:  shuffle() expects parameter 1 to be array, null given in /home/ubuntu/workspace/cst336/midtermprac1/inc/functions.php on line 79
[24-Oct-2018 18:38:55 UTC] PHP Stack trace:
[24-Oct-2018 18:38:55 UTC] PHP   1. {main}() /home/ubuntu/workspace/cst336/midtermprac1/index.php:0
[24-Oct-2018 18:38:55 UTC] PHP   2. makeItinerary() /home/ubuntu/workspace/cst336/midtermprac1/index.php:73
[24-Oct-2018 18:38:55 UTC] PHP   3. shuffle() /home/ubuntu/workspace/cst336/midtermprac1/inc/functions.php:79
[24-Oct-2018 18:38:55 UTC] PHP Warning:  array_shift() expects parameter 1 to be array, null given in /home/ubuntu/workspace/cst336/midtermprac1/inc/functions.php on line 80
[24-Oct-2018 18:38:55 UTC] PHP Stack trace:
[24-Oct-2018 18:38:55 UTC] PHP   1. {main}() /home/ubuntu/workspace/cst336/midtermprac1/index.php:0
[24-Oct-2018 18:38:55 UTC] PHP   2. makeItinerary() /home/ubuntu/workspace/cst336/midtermprac1/index.php:73
[24-Oct-2018 18:38:55 UTC] PHP   3. array_shift() /home/ubuntu/workspace/cst336/midtermprac1/inc/functions.php:80
[24-Oct-2018 18:38:55 UTC] PHP Warning:  shuffle() expects parameter 1 to be array, null given in /home/ubuntu/workspace/cst336/midtermprac1/inc/functions.php on line 79
[24-Oct-2018 18:38:55 UTC] PHP Stack trace:
[24-Oct-2018 18:38:55 UTC] PHP   1. {main}() /home/ubuntu/workspace/cst336/midtermprac1/index.php:0
[24-Oct-2018 18:38:55 UTC] PHP   2. makeItinerary() /home/ubuntu/workspace/cst336/midtermprac1/index.php:73
[24-Oct-2018 18:38:55 UTC] PHP   3. shuffle() /home/ubuntu/workspace/cst336/midtermprac1/inc/functions.php:79
[24-Oct-2018 18:38:55 UTC] PHP Warning:  array_shift() expects parameter 1 to be array, null given in /home/ubuntu/workspace/cst336/midtermprac1/inc/functions.php on line 80
[24-Oct-2018 18:38:55 UTC] PHP Stack trace:
[24-Oct-2018 18:38:55 UTC] PHP   1. {main}() /home/ubuntu/workspace/cst336/midtermprac1/index.php:0
[24-Oct-2018 18:38:55 UTC] PHP   2. makeItinerary() /home/ubuntu/workspace/cst336/midtermprac1/index.php:73
[24-Oct-2018 18:38:55 UTC] PHP   3. array_shift() /home/ubuntu/workspace/cst336/midtermprac1/inc/functions.php:80
[24-Oct-2018 18:38:55 UTC] PHP Warning:  shuffle() expects parameter 1 to be array, null given in /home/ubuntu/workspace/cst336/midtermprac1/inc/functions.php on line 79
[24-Oct-2018 18:38:55 UTC] PHP Stack trace:
[24-Oct-2018 18:38:55 UTC] PHP   1. {main}() /home/ubuntu/workspace/cst336/midtermprac1/index.php:0
[24-Oct-2018 18:38:55 UTC] PHP   2. makeItinerary() /home/ubuntu/workspace/cst336/midtermprac1/index.php:73
[24-Oct-2018 18:38:55 UTC] PHP   3. shuffle() /home/ubuntu/workspace/cst336/midtermprac1/inc/functions.php:79
[24-Oct-2018 18:38:55 UTC] PHP Warning:  array_shift() expects parameter 1 to be array, null given in /home/ubuntu/workspace/cst336/midtermprac1/inc/functions.php on line 80
[24-Oct-2018 18:38:55 UTC] PHP Stack trace:
[24-Oct-2018 18:38:55 UTC] PHP   1. {main}() /home/ubuntu/workspace/cst336/midtermprac1/index.php:0
[24-Oct-2018 18:38:55 UTC] PHP   2. makeItinerary() /home/ubuntu/workspace/cst336/midtermprac1/index.php:73
[24-Oct-2018 18:38:55 UTC] PHP   3. array_shift() /home/ubuntu/workspace/cst336/midtermprac1/inc/functions.php:80
[24-Oct-2018 18:47:30 UTC] PHP Warning:  shuffle() expects parameter 1 to be array, null given in /home/ubuntu/workspace/cst336/midtermprac1/inc/functions.php on line 79
[24-Oct-2018 18:47:30 UTC] PHP Stack trace:
[24-Oct-2018 18:47:30 UTC] PHP   1. {main}() /home/ubuntu/workspace/cst336/midtermprac1/index.php:0
[24-Oct-2018 18:47:30 UTC] PHP   2. makeItinerary() /home/ubuntu/workspace/cst336/midtermprac1/index.php:73
[24-Oct-2018 18:47:30 UTC] PHP   3. shuffle() /home/ubuntu/workspace/cst336/midtermprac1/inc/functions.php:79
[24-Oct-2018 18:47:30 UTC] PHP Warning:  array_shift() expects parameter 1 to be array, null given in /home/ubuntu/workspace/cst336/midtermprac1/inc/functions.php on line 80
[24-Oct-2018 18:47:30 UTC] PHP Stack trace:
[24-Oct-2018 18:47:30 UTC] PHP   1. {main}() /home/ubuntu/workspace/cst336/midtermprac1/index.php:0
[24-Oct-2018 18:47:30 UTC] PHP   2. makeItinerary() /home/ubuntu/workspace/cst336/midtermprac1/index.php:73
[24-Oct-2018 18:47:30 UTC] PHP   3. array_shift() /home/ubuntu/workspace/cst336/midtermprac1/inc/functions.php:80
[24-Oct-2018 18:47:30 UTC] PHP Warning:  shuffle() expects parameter 1 to be array, null given in /home/ubuntu/workspace/cst336/midtermprac1/inc/functions.php on line 79
[24-Oct-2018 18:47:30 UTC] PHP Stack trace:
[24-Oct-2018 18:47:30 UTC] PHP   1. {main}() /home/ubuntu/workspace/cst336/midtermprac1/index.php:0
[24-Oct-2018 18:47:30 UTC] PHP   2. makeItinerary() /home/ubuntu/workspace/cst336/midtermprac1/index.php:73
[24-Oct-2018 18:47:30 UTC] PHP   3. shuffle() /home/ubuntu/workspace/cst336/midtermprac1/inc/functions.php:79
[24-Oct-2018 18:47:30 UTC] PHP Warning:  array_shift() expects parameter 1 to be array, null given in /home/ubuntu/workspace/cst336/midtermprac1/inc/functions.php on line 80
[24-Oct-2018 18:47:30 UTC] PHP Stack trace:
[24-Oct-2018 18:47:30 UTC] PHP   1. {main}() /home/ubuntu/workspace/cst336/midtermprac1/index.php:0
[24-Oct-2018 18:47:30 UTC] PHP   2. makeItinerary() /home/ubuntu/workspace/cst336/midtermprac1/index.php:73
[24-Oct-2018 18:47:30 UTC] PHP   3. array_shift() /home/ubuntu/workspace/cst336/midtermprac1/inc/functions.php:80
[24-Oct-2018 18:47:30 UTC] PHP Warning:  shuffle() expects parameter 1 to be array, null given in /home/ubuntu/workspace/cst336/midtermprac1/inc/functions.php on line 79
[24-Oct-2018 18:47:30 UTC] PHP Stack trace:
[24-Oct-2018 18:47:30 UTC] PHP   1. {main}() /home/ubuntu/workspace/cst336/midtermprac1/index.php:0
[24-Oct-2018 18:47:30 UTC] PHP   2. makeItinerary() /home/ubuntu/workspace/cst336/midtermprac1/index.php:73
[24-Oct-2018 18:47:30 UTC] PHP   3. shuffle() /home/ubuntu/workspace/cst336/midtermprac1/inc/functions.php:79
[24-Oct-2018 18:47:30 UTC] PHP Warning:  array_shift() expects parameter 1 to be array, null given in /home/ubuntu/workspace/cst336/midtermprac1/inc/functions.php on line 80
[24-Oct-2018 18:47:30 UTC] PHP Stack trace:
[24-Oct-2018 18:47:30 UTC] PHP   1. {main}() /home/ubuntu/workspace/cst336/midtermprac1/index.php:0
[24-Oct-2018 18:47:30 UTC] PHP   2. makeItinerary() /home/ubuntu/workspace/cst336/midtermprac1/index.php:73
[24-Oct-2018 18:47:30 UTC] PHP   3. array_shift() /home/ubuntu/workspace/cst336/midtermprac1/inc/functions.php:80
[24-Oct-2018 18:47:30 UTC] PHP Warning:  shuffle() expects parameter 1 to be array, null given in /home/ubuntu/workspace/cst336/midtermprac1/inc/functions.php on line 79
[24-Oct-2018 18:47:30 UTC] PHP Stack trace:
[24-Oct-2018 18:47:30 UTC] PHP   1. {main}() /home/ubuntu/workspace/cst336/midtermprac1/index.php:0
[24-Oct-2018 18:47:30 UTC] PHP   2. makeItinerary() /home/ubuntu/workspace/cst336/midtermprac1/index.php:73
[24-Oct-2018 18:47:30 UTC] PHP   3. shuffle() /home/ubuntu/workspace/cst336/midtermprac1/inc/functions.php:79
[24-Oct-2018 18:47:30 UTC] PHP Warning:  array_shift() expects parameter 1 to be array, null given in /home/ubuntu/workspace/cst336/midtermprac1/inc/functions.php on line 80
[24-Oct-2018 18:47:30 UTC] PHP Stack trace:
[24-Oct-2018 18:47:30 UTC] PHP   1. {main}() /home/ubuntu/workspace/cst336/midtermprac1/index.php:0
[24-Oct-2018 18:47:30 UTC] PHP   2. makeItinerary() /home/ubuntu/workspace/cst336/midtermprac1/index.php:73
[24-Oct-2018 18:47:30 UTC] PHP   3. array_shift() /home/ubuntu/workspace/cst336/midtermprac1/inc/functions.php:80
