[10-Dec-2018 23:15:11 UTC] PHP Fatal error:  Call to undefined function displayCartCount() in /home/ubuntu/workspace/cst336/Project/336Finalproject/scart.php on line 53
[10-Dec-2018 23:15:11 UTC] PHP Stack trace:
[10-Dec-2018 23:15:11 UTC] PHP   1. {main}() /home/ubuntu/workspace/cst336/Project/336Finalproject/scart.php:0
[10-Dec-2018 23:15:14 UTC] PHP Fatal error:  Call to undefined function displayCartCount() in /home/ubuntu/workspace/cst336/Project/336Finalproject/scart.php on line 53
[10-Dec-2018 23:15:14 UTC] PHP Stack trace:
[10-Dec-2018 23:15:14 UTC] PHP   1. {main}() /home/ubuntu/workspace/cst336/Project/336Finalproject/scart.php:0
[10-Dec-2018 23:15:15 UTC] PHP Fatal error:  Call to undefined function displayCartCount() in /home/ubuntu/workspace/cst336/Project/336Finalproject/scart.php on line 53
[10-Dec-2018 23:15:15 UTC] PHP Stack trace:
[10-Dec-2018 23:15:15 UTC] PHP   1. {main}() /home/ubuntu/workspace/cst336/Project/336Finalproject/scart.php:0
[10-Dec-2018 23:44:20 UTC] PHP Parse error:  syntax error, unexpected end of file in /home/ubuntu/workspace/cst336/Project/336Finalproject/updateProduct.php on line 85
[10-Dec-2018 23:44:55 UTC] PHP Parse error:  syntax error, unexpected end of file in /home/ubuntu/workspace/cst336/Project/336Finalproject/updateProduct.php on line 85
[10-Dec-2018 23:47:26 UTC] PHP Fatal error:  Uncaught exception 'PDOException' with message 'SQLSTATE[42S22]: Column not found: 1054 Unknown column 'teams' in 'field list'' in /home/ubuntu/workspace/cst336/Project/336Finalproject/updateProduct.php:27
Stack trace:
#0 /home/ubuntu/workspace/cst336/Project/336Finalproject/updateProduct.php(27): PDOStatement->execute(Array)
#1 {main}
  thrown in /home/ubuntu/workspace/cst336/Project/336Finalproject/updateProduct.php on line 27
[10-Dec-2018 23:56:01 UTC] PHP Fatal error:  Uncaught exception 'PDOException' with message 'SQLSTATE[23000]: Integrity constraint violation: 1062 Duplicate entry '0' for key 'PRIMARY'' in /home/ubuntu/workspace/cst336/Project/336Finalproject/addProduct.php:27
Stack trace:
#0 /home/ubuntu/workspace/cst336/Project/336Finalproject/addProduct.php(27): PDOStatement->execute(Array)
#1 {main}
  thrown in /home/ubuntu/workspace/cst336/Project/336Finalproject/addProduct.php on line 27
[10-Dec-2018 23:56:35 UTC] PHP Fatal error:  Uncaught exception 'PDOException' with message 'SQLSTATE[23000]: Integrity constraint violation: 1062 Duplicate entry '0' for key 'PRIMARY'' in /home/ubuntu/workspace/cst336/Project/336Finalproject/updateProduct.php:27
Stack trace:
#0 /home/ubuntu/workspace/cst336/Project/336Finalproject/updateProduct.php(27): PDOStatement->execute(Array)
#1 {main}
  thrown in /home/ubuntu/workspace/cst336/Project/336Finalproject/updateProduct.php on line 27
[10-Dec-2018 23:57:50 UTC] PHP Fatal error:  Uncaught exception 'PDOException' with message 'SQLSTATE[23000]: Integrity constraint violation: 1062 Duplicate entry '0' for key 'PRIMARY'' in /home/ubuntu/workspace/cst336/Project/336Finalproject/updateProduct.php:27
Stack trace:
#0 /home/ubuntu/workspace/cst336/Project/336Finalproject/updateProduct.php(27): PDOStatement->execute(Array)
#1 {main}
  thrown in /home/ubuntu/workspace/cst336/Project/336Finalproject/updateProduct.php on line 27
[11-Dec-2018 00:17:54 UTC] PHP Fatal error:  Uncaught exception 'PDOException' with message 'SQLSTATE[23000]: Integrity constraint violation: 1062 Duplicate entry '0' for key 'PRIMARY'' in /home/ubuntu/workspace/cst336/Project/336Finalproject/updateProduct.php:27
Stack trace:
#0 /home/ubuntu/workspace/cst336/Project/336Finalproject/updateProduct.php(27): PDOStatement->execute(Array)
#1 {main}
  thrown in /home/ubuntu/workspace/cst336/Project/336Finalproject/updateProduct.php on line 27
[11-Dec-2018 00:18:32 UTC] PHP Fatal error:  Uncaught exception 'PDOException' with message 'SQLSTATE[23000]: Integrity constraint violation: 1062 Duplicate entry '0' for key 'PRIMARY'' in /home/ubuntu/workspace/cst336/Project/336Finalproject/updateProduct.php:27
Stack trace:
#0 /home/ubuntu/workspace/cst336/Project/336Finalproject/updateProduct.php(27): PDOStatement->execute(Array)
#1 {main}
  thrown in /home/ubuntu/workspace/cst336/Project/336Finalproject/updateProduct.php on line 27
[11-Dec-2018 00:19:55 UTC] PHP Fatal error:  Uncaught exception 'PDOException' with message 'SQLSTATE[23000]: Integrity constraint violation: 1062 Duplicate entry '0' for key 'PRIMARY'' in /home/ubuntu/workspace/cst336/Project/336Finalproject/updateProduct.php:27
Stack trace:
#0 /home/ubuntu/workspace/cst336/Project/336Finalproject/updateProduct.php(27): PDOStatement->execute(Array)
#1 {main}
  thrown in /home/ubuntu/workspace/cst336/Project/336Finalproject/updateProduct.php on line 27
[11-Dec-2018 00:21:57 UTC] PHP Fatal error:  Uncaught exception 'PDOException' with message 'SQLSTATE[23000]: Integrity constraint violation: 1062 Duplicate entry '0' for key 'PRIMARY'' in /home/ubuntu/workspace/cst336/Project/336Finalproject/updateProduct.php:27
Stack trace:
#0 /home/ubuntu/workspace/cst336/Project/336Finalproject/updateProduct.php(27): PDOStatement->execute(Array)
#1 {main}
  thrown in /home/ubuntu/workspace/cst336/Project/336Finalproject/updateProduct.php on line 27
