[17-Sep-2018 21:19:51 UTC] PHP Parse error:  syntax error, unexpected '"grapes"' (T_CONSTANT_ENCAPSED_STRING) in /home/ubuntu/workspace/cst336/labs/lab3/arrays.php on line 7
[17-Sep-2018 21:20:18 UTC] PHP Parse error:  syntax error, unexpected '"grapes"' (T_CONSTANT_ENCAPSED_STRING) in /home/ubuntu/workspace/cst336/labs/lab3/arrays.php on line 7
[17-Sep-2018 21:20:20 UTC] PHP Parse error:  syntax error, unexpected '"grapes"' (T_CONSTANT_ENCAPSED_STRING) in /home/ubuntu/workspace/cst336/labs/lab3/arrays.php on line 7
[17-Sep-2018 21:22:28 UTC] PHP Parse error:  syntax error, unexpected '<' in /home/ubuntu/workspace/cst336/labs/lab3/arrays.php on line 4
[17-Sep-2018 21:35:20 UTC] PHP Parse error:  syntax error, unexpected end of file in /home/ubuntu/workspace/cst336/labs/lab3/arrays.php on line 47
[17-Sep-2018 21:35:57 UTC] PHP Parse error:  syntax error, unexpected end of file in /home/ubuntu/workspace/cst336/labs/lab3/arrays.php on line 47
[17-Sep-2018 21:36:00 UTC] PHP Parse error:  syntax error, unexpected end of file in /home/ubuntu/workspace/cst336/labs/lab3/arrays.php on line 47
[17-Sep-2018 21:57:23 UTC] PHP Parse error:  syntax error, unexpected end of file in /home/ubuntu/workspace/cst336/labs/lab3/arrays.php on line 47
[17-Sep-2018 21:57:44 UTC] PHP Parse error:  syntax error, unexpected end of file in /home/ubuntu/workspace/cst336/labs/lab3/arrays.php on line 47
[17-Sep-2018 21:57:53 UTC] PHP Parse error:  syntax error, unexpected end of file in /home/ubuntu/workspace/cst336/labs/lab3/arrays.php on line 47
[23-Sep-2018 00:20:02 UTC] PHP Warning:  include(inc/functions.php): failed to open stream: No such file or directory in /home/ubuntu/workspace/cst336/labs/lab2/index.php on line 5
[23-Sep-2018 00:20:02 UTC] PHP Stack trace:
[23-Sep-2018 00:20:02 UTC] PHP   1. {main}() /home/ubuntu/workspace/cst336/labs/lab2/index.php:0
[23-Sep-2018 00:20:02 UTC] PHP Warning:  include(): Failed opening 'inc/functions.php' for inclusion (include_path='.:/usr/share/php:/usr/share/pear') in /home/ubuntu/workspace/cst336/labs/lab2/index.php on line 5
[23-Sep-2018 00:20:02 UTC] PHP Stack trace:
[23-Sep-2018 00:20:02 UTC] PHP   1. {main}() /home/ubuntu/workspace/cst336/labs/lab2/index.php:0
[23-Sep-2018 00:20:02 UTC] PHP Fatal error:  Call to undefined function play() in /home/ubuntu/workspace/cst336/labs/lab2/index.php on line 20
[23-Sep-2018 00:20:02 UTC] PHP Stack trace:
[23-Sep-2018 00:20:02 UTC] PHP   1. {main}() /home/ubuntu/workspace/cst336/labs/lab2/index.php:0
[23-Sep-2018 00:21:42 UTC] PHP Warning:  include(inc/functions.php): failed to open stream: No such file or directory in /home/ubuntu/workspace/cst336/labs/lab2/index.php on line 3
[23-Sep-2018 00:21:42 UTC] PHP Stack trace:
[23-Sep-2018 00:21:42 UTC] PHP   1. {main}() /home/ubuntu/workspace/cst336/labs/lab2/index.php:0
[23-Sep-2018 00:21:42 UTC] PHP Warning:  include(): Failed opening 'inc/functions.php' for inclusion (include_path='.:/usr/share/php:/usr/share/pear') in /home/ubuntu/workspace/cst336/labs/lab2/index.php on line 3
[23-Sep-2018 00:21:42 UTC] PHP Stack trace:
[23-Sep-2018 00:21:42 UTC] PHP   1. {main}() /home/ubuntu/workspace/cst336/labs/lab2/index.php:0
[23-Sep-2018 00:21:42 UTC] PHP Fatal error:  Call to undefined function play() in /home/ubuntu/workspace/cst336/labs/lab2/index.php on line 18
[23-Sep-2018 00:21:42 UTC] PHP Stack trace:
[23-Sep-2018 00:21:42 UTC] PHP   1. {main}() /home/ubuntu/workspace/cst336/labs/lab2/index.php:0
[23-Sep-2018 00:40:51 UTC] PHP Warning:  include(inc/functions.php): failed to open stream: No such file or directory in /home/ubuntu/workspace/cst336/labs/lab2/index.php on line 3
[23-Sep-2018 00:40:51 UTC] PHP Stack trace:
[23-Sep-2018 00:40:51 UTC] PHP   1. {main}() /home/ubuntu/workspace/cst336/labs/lab2/index.php:0
[23-Sep-2018 00:40:51 UTC] PHP Warning:  include(): Failed opening 'inc/functions.php' for inclusion (include_path='.:/usr/share/php:/usr/share/pear') in /home/ubuntu/workspace/cst336/labs/lab2/index.php on line 3
[23-Sep-2018 00:40:51 UTC] PHP Stack trace:
[23-Sep-2018 00:40:51 UTC] PHP   1. {main}() /home/ubuntu/workspace/cst336/labs/lab2/index.php:0
[23-Sep-2018 00:40:51 UTC] PHP Fatal error:  Call to undefined function play() in /home/ubuntu/workspace/cst336/labs/lab2/index.php on line 18
[23-Sep-2018 00:40:51 UTC] PHP Stack trace:
[23-Sep-2018 00:40:51 UTC] PHP   1. {main}() /home/ubuntu/workspace/cst336/labs/lab2/index.php:0
[23-Sep-2018 00:57:03 UTC] PHP Warning:  include(inc/functions.php): failed to open stream: No such file or directory in /home/ubuntu/workspace/cst336/labs/lab2/index.php on line 3
[23-Sep-2018 00:57:03 UTC] PHP Stack trace:
[23-Sep-2018 00:57:03 UTC] PHP   1. {main}() /home/ubuntu/workspace/cst336/labs/lab2/index.php:0
[23-Sep-2018 00:57:03 UTC] PHP Warning:  include(): Failed opening 'inc/functions.php' for inclusion (include_path='.:/usr/share/php:/usr/share/pear') in /home/ubuntu/workspace/cst336/labs/lab2/index.php on line 3
[23-Sep-2018 00:57:03 UTC] PHP Stack trace:
[23-Sep-2018 00:57:03 UTC] PHP   1. {main}() /home/ubuntu/workspace/cst336/labs/lab2/index.php:0
[23-Sep-2018 00:57:03 UTC] PHP Fatal error:  Call to undefined function play() in /home/ubuntu/workspace/cst336/labs/lab2/index.php on line 18
[23-Sep-2018 00:57:03 UTC] PHP Stack trace:
[23-Sep-2018 00:57:03 UTC] PHP   1. {main}() /home/ubuntu/workspace/cst336/labs/lab2/index.php:0
[23-Sep-2018 00:59:26 UTC] PHP Warning:  include(inc/functions.php): failed to open stream: No such file or directory in /home/ubuntu/workspace/cst336/labs/lab2/index.php on line 3
[23-Sep-2018 00:59:26 UTC] PHP Stack trace:
[23-Sep-2018 00:59:26 UTC] PHP   1. {main}() /home/ubuntu/workspace/cst336/labs/lab2/index.php:0
[23-Sep-2018 00:59:26 UTC] PHP Warning:  include(): Failed opening 'inc/functions.php' for inclusion (include_path='.:/usr/share/php:/usr/share/pear') in /home/ubuntu/workspace/cst336/labs/lab2/index.php on line 3
[23-Sep-2018 00:59:26 UTC] PHP Stack trace:
[23-Sep-2018 00:59:26 UTC] PHP   1. {main}() /home/ubuntu/workspace/cst336/labs/lab2/index.php:0
[23-Sep-2018 00:59:26 UTC] PHP Fatal error:  Call to undefined function play() in /home/ubuntu/workspace/cst336/labs/lab2/index.php on line 18
[23-Sep-2018 00:59:26 UTC] PHP Stack trace:
[23-Sep-2018 00:59:26 UTC] PHP   1. {main}() /home/ubuntu/workspace/cst336/labs/lab2/index.php:0
[23-Sep-2018 00:59:47 UTC] PHP Warning:  include(inc/functions.php): failed to open stream: No such file or directory in /home/ubuntu/workspace/cst336/labs/lab2/index.php on line 3
[23-Sep-2018 00:59:47 UTC] PHP Stack trace:
[23-Sep-2018 00:59:47 UTC] PHP   1. {main}() /home/ubuntu/workspace/cst336/labs/lab2/index.php:0
[23-Sep-2018 00:59:47 UTC] PHP Warning:  include(): Failed opening 'inc/functions.php' for inclusion (include_path='.:/usr/share/php:/usr/share/pear') in /home/ubuntu/workspace/cst336/labs/lab2/index.php on line 3
[23-Sep-2018 00:59:47 UTC] PHP Stack trace:
[23-Sep-2018 00:59:47 UTC] PHP   1. {main}() /home/ubuntu/workspace/cst336/labs/lab2/index.php:0
[23-Sep-2018 00:59:47 UTC] PHP Fatal error:  Call to undefined function play() in /home/ubuntu/workspace/cst336/labs/lab2/index.php on line 18
[23-Sep-2018 00:59:47 UTC] PHP Stack trace:
[23-Sep-2018 00:59:47 UTC] PHP   1. {main}() /home/ubuntu/workspace/cst336/labs/lab2/index.php:0
[23-Sep-2018 02:19:07 UTC] PHP Warning:  include(inc/functions.php): failed to open stream: No such file or directory in /home/ubuntu/workspace/cst336/labs/lab2/index.php on line 3
[23-Sep-2018 02:19:07 UTC] PHP Stack trace:
[23-Sep-2018 02:19:07 UTC] PHP   1. {main}() /home/ubuntu/workspace/cst336/labs/lab2/index.php:0
[23-Sep-2018 02:19:07 UTC] PHP Warning:  include(): Failed opening 'inc/functions.php' for inclusion (include_path='.:/usr/share/php:/usr/share/pear') in /home/ubuntu/workspace/cst336/labs/lab2/index.php on line 3
[23-Sep-2018 02:19:07 UTC] PHP Stack trace:
[23-Sep-2018 02:19:07 UTC] PHP   1. {main}() /home/ubuntu/workspace/cst336/labs/lab2/index.php:0
[23-Sep-2018 02:19:07 UTC] PHP Fatal error:  Call to undefined function play() in /home/ubuntu/workspace/cst336/labs/lab2/index.php on line 23
[23-Sep-2018 02:19:07 UTC] PHP Stack trace:
[23-Sep-2018 02:19:07 UTC] PHP   1. {main}() /home/ubuntu/workspace/cst336/labs/lab2/index.php:0
[23-Sep-2018 02:22:34 UTC] PHP Warning:  include(inc/functions.php): failed to open stream: No such file or directory in /home/ubuntu/workspace/cst336/labs/lab2/index.php on line 3
[23-Sep-2018 02:22:34 UTC] PHP Stack trace:
[23-Sep-2018 02:22:34 UTC] PHP   1. {main}() /home/ubuntu/workspace/cst336/labs/lab2/index.php:0
[23-Sep-2018 02:22:34 UTC] PHP Warning:  include(): Failed opening 'inc/functions.php' for inclusion (include_path='.:/usr/share/php:/usr/share/pear') in /home/ubuntu/workspace/cst336/labs/lab2/index.php on line 3
[23-Sep-2018 02:22:34 UTC] PHP Stack trace:
[23-Sep-2018 02:22:34 UTC] PHP   1. {main}() /home/ubuntu/workspace/cst336/labs/lab2/index.php:0
[23-Sep-2018 02:22:34 UTC] PHP Fatal error:  Call to undefined function play() in /home/ubuntu/workspace/cst336/labs/lab2/index.php on line 23
[23-Sep-2018 02:22:34 UTC] PHP Stack trace:
[23-Sep-2018 02:22:34 UTC] PHP   1. {main}() /home/ubuntu/workspace/cst336/labs/lab2/index.php:0
[23-Sep-2018 02:24:49 UTC] PHP Warning:  include(inc/functions.php): failed to open stream: No such file or directory in /home/ubuntu/workspace/cst336/labs/lab2/index.php on line 3
[23-Sep-2018 02:24:49 UTC] PHP Stack trace:
[23-Sep-2018 02:24:49 UTC] PHP   1. {main}() /home/ubuntu/workspace/cst336/labs/lab2/index.php:0
[23-Sep-2018 02:24:49 UTC] PHP Warning:  include(): Failed opening 'inc/functions.php' for inclusion (include_path='.:/usr/share/php:/usr/share/pear') in /home/ubuntu/workspace/cst336/labs/lab2/index.php on line 3
[23-Sep-2018 02:24:49 UTC] PHP Stack trace:
[23-Sep-2018 02:24:49 UTC] PHP   1. {main}() /home/ubuntu/workspace/cst336/labs/lab2/index.php:0
[23-Sep-2018 02:24:49 UTC] PHP Fatal error:  Call to undefined function play() in /home/ubuntu/workspace/cst336/labs/lab2/index.php on line 23
[23-Sep-2018 02:24:49 UTC] PHP Stack trace:
[23-Sep-2018 02:24:49 UTC] PHP   1. {main}() /home/ubuntu/workspace/cst336/labs/lab2/index.php:0
