[17-Dec-2018 02:57:08 UTC] PHP Warning:  include(inc/dbConnection.php): failed to open stream: No such file or directory in /home/ubuntu/workspace/cst336/FinalPractice/inc/functions.php on line 2
[17-Dec-2018 02:57:08 UTC] PHP Stack trace:
[17-Dec-2018 02:57:08 UTC] PHP   1. {main}() /home/ubuntu/workspace/cst336/FinalPractice/inc/functions.php:0
[17-Dec-2018 02:57:08 UTC] PHP Warning:  include(): Failed opening 'inc/dbConnection.php' for inclusion (include_path='.:/usr/share/php:/usr/share/pear') in /home/ubuntu/workspace/cst336/FinalPractice/inc/functions.php on line 2
[17-Dec-2018 02:57:08 UTC] PHP Stack trace:
[17-Dec-2018 02:57:08 UTC] PHP   1. {main}() /home/ubuntu/workspace/cst336/FinalPractice/inc/functions.php:0
[17-Dec-2018 02:57:08 UTC] PHP Fatal error:  Call to a member function prepare() on a non-object in /home/ubuntu/workspace/cst336/FinalPractice/inc/functions.php on line 28
[17-Dec-2018 02:57:08 UTC] PHP Stack trace:
[17-Dec-2018 02:57:08 UTC] PHP   1. {main}() /home/ubuntu/workspace/cst336/FinalPractice/inc/functions.php:0
[17-Dec-2018 02:57:08 UTC] PHP   2. displayCategories() /home/ubuntu/workspace/cst336/FinalPractice/inc/functions.php:68
[17-Dec-2018 02:58:03 UTC] PHP Fatal error:  Call to a member function prepare() on a non-object in /home/ubuntu/workspace/cst336/FinalPractice/inc/functions.php on line 28
[17-Dec-2018 02:58:03 UTC] PHP Stack trace:
[17-Dec-2018 02:58:03 UTC] PHP   1. {main}() /home/ubuntu/workspace/cst336/FinalPractice/inc/functions.php:0
[17-Dec-2018 02:58:03 UTC] PHP   2. displayCategories() /home/ubuntu/workspace/cst336/FinalPractice/inc/functions.php:68
[17-Dec-2018 02:58:43 UTC] PHP Fatal error:  Call to a member function prepare() on a non-object in /home/ubuntu/workspace/cst336/FinalPractice/inc/functions.php on line 28
[17-Dec-2018 02:58:43 UTC] PHP Stack trace:
[17-Dec-2018 02:58:43 UTC] PHP   1. {main}() /home/ubuntu/workspace/cst336/FinalPractice/inc/functions.php:0
[17-Dec-2018 02:58:43 UTC] PHP   2. displayCategories() /home/ubuntu/workspace/cst336/FinalPractice/inc/functions.php:68
[17-Dec-2018 03:00:57 UTC] PHP Fatal error:  Call to a member function prepare() on a non-object in /home/ubuntu/workspace/cst336/FinalPractice/inc/functions.php on line 28
[17-Dec-2018 03:00:57 UTC] PHP Stack trace:
[17-Dec-2018 03:00:57 UTC] PHP   1. {main}() /home/ubuntu/workspace/cst336/FinalPractice/inc/functions.php:0
[17-Dec-2018 03:00:57 UTC] PHP   2. displayCategories() /home/ubuntu/workspace/cst336/FinalPractice/inc/functions.php:68
[17-Dec-2018 03:01:06 UTC] PHP Fatal error:  Call to a member function prepare() on a non-object in /home/ubuntu/workspace/cst336/FinalPractice/inc/functions.php on line 28
[17-Dec-2018 03:01:06 UTC] PHP Stack trace:
[17-Dec-2018 03:01:06 UTC] PHP   1. {main}() /home/ubuntu/workspace/cst336/FinalPractice/inc/functions.php:0
[17-Dec-2018 03:01:06 UTC] PHP   2. displayCategories() /home/ubuntu/workspace/cst336/FinalPractice/inc/functions.php:68
[17-Dec-2018 03:01:06 UTC] PHP Fatal error:  Call to a member function prepare() on a non-object in /home/ubuntu/workspace/cst336/FinalPractice/inc/functions.php on line 28
[17-Dec-2018 03:01:06 UTC] PHP Stack trace:
[17-Dec-2018 03:01:06 UTC] PHP   1. {main}() /home/ubuntu/workspace/cst336/FinalPractice/inc/functions.php:0
[17-Dec-2018 03:01:06 UTC] PHP   2. displayCategories() /home/ubuntu/workspace/cst336/FinalPractice/inc/functions.php:68
[17-Dec-2018 03:01:30 UTC] PHP Fatal error:  Call to a member function prepare() on a non-object in /home/ubuntu/workspace/cst336/FinalPractice/inc/functions.php on line 28
[17-Dec-2018 03:01:30 UTC] PHP Stack trace:
[17-Dec-2018 03:01:30 UTC] PHP   1. {main}() /home/ubuntu/workspace/cst336/FinalPractice/inc/functions.php:0
[17-Dec-2018 03:01:30 UTC] PHP   2. displayCategories() /home/ubuntu/workspace/cst336/FinalPractice/inc/functions.php:68
[17-Dec-2018 03:05:20 UTC] PHP Fatal error:  Call to a member function prepare() on a non-object in /home/ubuntu/workspace/cst336/FinalPractice/inc/functions.php on line 28
[17-Dec-2018 03:05:20 UTC] PHP Stack trace:
[17-Dec-2018 03:05:20 UTC] PHP   1. {main}() /home/ubuntu/workspace/cst336/FinalPractice/inc/functions.php:0
[17-Dec-2018 03:05:20 UTC] PHP   2. displayCategories() /home/ubuntu/workspace/cst336/FinalPractice/inc/functions.php:68
[17-Dec-2018 03:06:48 UTC] PHP Fatal error:  Call to a member function prepare() on a non-object in /home/ubuntu/workspace/cst336/FinalPractice/inc/functions.php on line 28
[17-Dec-2018 03:06:48 UTC] PHP Stack trace:
[17-Dec-2018 03:06:48 UTC] PHP   1. {main}() /home/ubuntu/workspace/cst336/FinalPractice/inc/functions.php:0
[17-Dec-2018 03:06:48 UTC] PHP   2. displayCategories() /home/ubuntu/workspace/cst336/FinalPractice/inc/functions.php:68
[17-Dec-2018 03:12:54 UTC] PHP Fatal error:  Call to a member function prepare() on a non-object in /home/ubuntu/workspace/cst336/FinalPractice/inc/functions.php on line 28
[17-Dec-2018 03:12:54 UTC] PHP Stack trace:
[17-Dec-2018 03:12:54 UTC] PHP   1. {main}() /home/ubuntu/workspace/cst336/FinalPractice/inc/functions.php:0
[17-Dec-2018 03:12:54 UTC] PHP   2. displayCategories() /home/ubuntu/workspace/cst336/FinalPractice/inc/functions.php:68
[17-Dec-2018 03:16:11 UTC] PHP Warning:  include(../../dbConnection.php): failed to open stream: No such file or directory in /home/ubuntu/workspace/cst336/FinalPractice/inc/functions.php on line 2
[17-Dec-2018 03:16:11 UTC] PHP Stack trace:
[17-Dec-2018 03:16:11 UTC] PHP   1. {main}() /home/ubuntu/workspace/cst336/FinalPractice/inc/functions.php:0
[17-Dec-2018 03:16:11 UTC] PHP Warning:  include(): Failed opening '../../dbConnection.php' for inclusion (include_path='.:/usr/share/php:/usr/share/pear') in /home/ubuntu/workspace/cst336/FinalPractice/inc/functions.php on line 2
[17-Dec-2018 03:16:11 UTC] PHP Stack trace:
[17-Dec-2018 03:16:11 UTC] PHP   1. {main}() /home/ubuntu/workspace/cst336/FinalPractice/inc/functions.php:0
[17-Dec-2018 03:16:11 UTC] PHP Fatal error:  Call to undefined function startConnection() in /home/ubuntu/workspace/cst336/FinalPractice/inc/functions.php on line 4
[17-Dec-2018 03:16:11 UTC] PHP Stack trace:
[17-Dec-2018 03:16:11 UTC] PHP   1. {main}() /home/ubuntu/workspace/cst336/FinalPractice/inc/functions.php:0
